2024-10-30 13:59:33,534 - phyluce_assembly_get_match_counts - INFO - =========== Starting phyluce_assembly_get_match_counts ==========
2024-10-30 13:59:33,534 - phyluce_assembly_get_match_counts - INFO - Version: 1.7.1
2024-10-30 13:59:33,534 - phyluce_assembly_get_match_counts - INFO - Commit: None
2024-10-30 13:59:33,535 - phyluce_assembly_get_match_counts - INFO - Argument --extend_locus_db: None
2024-10-30 13:59:33,535 - phyluce_assembly_get_match_counts - INFO - Argument --incomplete_matrix: True
2024-10-30 13:59:33,535 - phyluce_assembly_get_match_counts - INFO - Argument --keep_counts: False
2024-10-30 13:59:33,535 - phyluce_assembly_get_match_counts - INFO - Argument --locus_db: /sto/nfsscratch/grp_gwoerhe/joelle/MUSEOMICS/uce-search-results/probe.matches.sqlite
2024-10-30 13:59:33,535 - phyluce_assembly_get_match_counts - INFO - Argument --log_path: None
2024-10-30 13:59:33,535 - phyluce_assembly_get_match_counts - INFO - Argument --optimize: False
2024-10-30 13:59:33,536 - phyluce_assembly_get_match_counts - INFO - Argument --output: /sto/nfsscratch/grp_gwoerhe/joelle/MUSEOMICS/NEW-v2/taxon-sets/all/all-taxa-incomplete.conf
2024-10-30 13:59:33,536 - phyluce_assembly_get_match_counts - INFO - Argument --random: False
2024-10-30 13:59:33,536 - phyluce_assembly_get_match_counts - INFO - Argument --sample_size: 10
2024-10-30 13:59:33,536 - phyluce_assembly_get_match_counts - INFO - Argument --samples: 10
2024-10-30 13:59:33,536 - phyluce_assembly_get_match_counts - INFO - Argument --silent: False
2024-10-30 13:59:33,536 - phyluce_assembly_get_match_counts - INFO - Argument --taxon_group: all
2024-10-30 13:59:33,536 - phyluce_assembly_get_match_counts - INFO - Argument --taxon_list_config: /sto/nfsscratch/grp_gwoerhe/joelle/MUSEOMICS/NEW-v2/taxon-set.conf
2024-10-30 13:59:33,536 - phyluce_assembly_get_match_counts - INFO - Argument --verbosity: INFO
2024-10-30 13:59:33,549 - phyluce_assembly_get_match_counts - INFO - There are 202 taxa in the taxon-group '[all]' in the config file taxon-set.conf
2024-10-30 13:59:33,549 - phyluce_assembly_get_match_counts - INFO - Getting UCE names from database
2024-10-30 13:59:33,627 - phyluce_assembly_get_match_counts - INFO - There are 2956 total UCE loci in the database
2024-10-30 13:59:35,494 - phyluce_assembly_get_match_counts - INFO - Getting UCE matches by organism to generate a INCOMPLETE matrix
2024-10-30 13:59:35,505 - phyluce_assembly_get_match_counts - INFO - There are 2939 UCE loci in an INCOMPLETE matrix
2024-10-30 13:59:35,506 - phyluce_assembly_get_match_counts - INFO - Writing the taxa and loci in the data matrix to /sto/nfsscratch/grp_gwoerhe/joelle/MUSEOMICS/NEW-v2/taxon-sets/all/all-taxa-incomplete.conf
2024-10-30 13:59:35,509 - phyluce_assembly_get_match_counts - INFO - ========== Completed phyluce_assembly_get_match_counts ==========
2024-11-07 17:57:12,352 - phyluce_assembly_get_match_counts - INFO - =========== Starting phyluce_assembly_get_match_counts ==========
2024-11-07 17:57:12,353 - phyluce_assembly_get_match_counts - INFO - Version: 1.7.1
2024-11-07 17:57:12,353 - phyluce_assembly_get_match_counts - INFO - Commit: None
2024-11-07 17:57:12,353 - phyluce_assembly_get_match_counts - INFO - Argument --extend_locus_db: None
2024-11-07 17:57:12,353 - phyluce_assembly_get_match_counts - INFO - Argument --incomplete_matrix: True
2024-11-07 17:57:12,353 - phyluce_assembly_get_match_counts - INFO - Argument --keep_counts: False
2024-11-07 17:57:12,353 - phyluce_assembly_get_match_counts - INFO - Argument --locus_db: /home/jsprong/MUSEOMICS/uce-search-results/probe.matches.sqlite
2024-11-07 17:57:12,353 - phyluce_assembly_get_match_counts - INFO - Argument --log_path: None
2024-11-07 17:57:12,354 - phyluce_assembly_get_match_counts - INFO - Argument --optimize: False
2024-11-07 17:57:12,354 - phyluce_assembly_get_match_counts - INFO - Argument --output: /home/jsprong/MUSEOMICS/BACKBONE/taxon-sets/all/all-taxa-incomplete.conf
2024-11-07 17:57:12,354 - phyluce_assembly_get_match_counts - INFO - Argument --random: False
2024-11-07 17:57:12,354 - phyluce_assembly_get_match_counts - INFO - Argument --sample_size: 10
2024-11-07 17:57:12,354 - phyluce_assembly_get_match_counts - INFO - Argument --samples: 10
2024-11-07 17:57:12,354 - phyluce_assembly_get_match_counts - INFO - Argument --silent: False
2024-11-07 17:57:12,354 - phyluce_assembly_get_match_counts - INFO - Argument --taxon_group: all
2024-11-07 17:57:12,354 - phyluce_assembly_get_match_counts - INFO - Argument --taxon_list_config: /home/jsprong/MUSEOMICS/BACKBONE/taxon-set.conf
2024-11-07 17:57:12,354 - phyluce_assembly_get_match_counts - INFO - Argument --verbosity: INFO
2024-11-07 17:57:12,367 - phyluce_assembly_get_match_counts - INFO - There are 201 taxa in the taxon-group '[all]' in the config file taxon-set.conf
2024-11-07 17:57:12,367 - phyluce_assembly_get_match_counts - INFO - Getting UCE names from database
2024-11-07 17:57:12,425 - phyluce_assembly_get_match_counts - INFO - There are 2956 total UCE loci in the database
2024-11-07 17:57:14,760 - phyluce_assembly_get_match_counts - INFO - Getting UCE matches by organism to generate a INCOMPLETE matrix
2024-11-07 17:57:14,777 - phyluce_assembly_get_match_counts - INFO - There are 2939 UCE loci in an INCOMPLETE matrix
2024-11-07 17:57:14,779 - phyluce_assembly_get_match_counts - INFO - Writing the taxa and loci in the data matrix to /home/jsprong/MUSEOMICS/BACKBONE/taxon-sets/all/all-taxa-incomplete.conf
2024-11-07 17:57:14,783 - phyluce_assembly_get_match_counts - INFO - ========== Completed phyluce_assembly_get_match_counts ==========
2024-11-07 17:58:02,951 - phyluce_assembly_get_match_counts - INFO - =========== Starting phyluce_assembly_get_match_counts ==========
2024-11-07 17:58:02,952 - phyluce_assembly_get_match_counts - INFO - Version: 1.7.1
2024-11-07 17:58:02,952 - phyluce_assembly_get_match_counts - INFO - Commit: None
2024-11-07 17:58:02,952 - phyluce_assembly_get_match_counts - INFO - Argument --extend_locus_db: None
2024-11-07 17:58:02,952 - phyluce_assembly_get_match_counts - INFO - Argument --incomplete_matrix: True
2024-11-07 17:58:02,952 - phyluce_assembly_get_match_counts - INFO - Argument --keep_counts: False
2024-11-07 17:58:02,952 - phyluce_assembly_get_match_counts - INFO - Argument --locus_db: /home/jsprong/MUSEOMICS/uce-search-results/probe.matches.sqlite
2024-11-07 17:58:02,952 - phyluce_assembly_get_match_counts - INFO - Argument --log_path: None
2024-11-07 17:58:02,952 - phyluce_assembly_get_match_counts - INFO - Argument --optimize: False
2024-11-07 17:58:02,952 - phyluce_assembly_get_match_counts - INFO - Argument --output: /home/jsprong/MUSEOMICS/BACKBONE/taxon-sets/all/all-taxa-incomplete.conf
2024-11-07 17:58:02,952 - phyluce_assembly_get_match_counts - INFO - Argument --random: False
2024-11-07 17:58:02,952 - phyluce_assembly_get_match_counts - INFO - Argument --sample_size: 10
2024-11-07 17:58:02,952 - phyluce_assembly_get_match_counts - INFO - Argument --samples: 10
2024-11-07 17:58:02,952 - phyluce_assembly_get_match_counts - INFO - Argument --silent: False
2024-11-07 17:58:02,953 - phyluce_assembly_get_match_counts - INFO - Argument --taxon_group: all
2024-11-07 17:58:02,953 - phyluce_assembly_get_match_counts - INFO - Argument --taxon_list_config: /home/jsprong/MUSEOMICS/BACKBONE/taxon-set.conf
2024-11-07 17:58:02,953 - phyluce_assembly_get_match_counts - INFO - Argument --verbosity: INFO
2024-11-07 17:58:02,958 - phyluce_assembly_get_match_counts - INFO - There are 200 taxa in the taxon-group '[all]' in the config file taxon-set.conf
2024-11-07 17:58:02,958 - phyluce_assembly_get_match_counts - INFO - Getting UCE names from database
2024-11-07 17:58:02,964 - phyluce_assembly_get_match_counts - INFO - There are 2956 total UCE loci in the database
2024-11-07 17:58:05,015 - phyluce_assembly_get_match_counts - INFO - Getting UCE matches by organism to generate a INCOMPLETE matrix
2024-11-07 17:58:05,030 - phyluce_assembly_get_match_counts - INFO - There are 2939 UCE loci in an INCOMPLETE matrix
2024-11-07 17:58:05,031 - phyluce_assembly_get_match_counts - INFO - Writing the taxa and loci in the data matrix to /home/jsprong/MUSEOMICS/BACKBONE/taxon-sets/all/all-taxa-incomplete.conf
2024-11-07 17:58:05,037 - phyluce_assembly_get_match_counts - INFO - ========== Completed phyluce_assembly_get_match_counts ==========
2024-11-20 11:45:01,296 - phyluce_assembly_get_match_counts - INFO - =========== Starting phyluce_assembly_get_match_counts ==========
2024-11-20 11:45:01,297 - phyluce_assembly_get_match_counts - INFO - Version: 1.7.1
2024-11-20 11:45:01,297 - phyluce_assembly_get_match_counts - INFO - Commit: None
2024-11-20 11:45:01,297 - phyluce_assembly_get_match_counts - INFO - Argument --extend_locus_db: None
2024-11-20 11:45:01,297 - phyluce_assembly_get_match_counts - INFO - Argument --incomplete_matrix: True
2024-11-20 11:45:01,297 - phyluce_assembly_get_match_counts - INFO - Argument --keep_counts: False
2024-11-20 11:45:01,297 - phyluce_assembly_get_match_counts - INFO - Argument --locus_db: /home/jsprong/MUSEOMICS/uce-search-results/probe.matches.sqlite
2024-11-20 11:45:01,297 - phyluce_assembly_get_match_counts - INFO - Argument --log_path: None
2024-11-20 11:45:01,298 - phyluce_assembly_get_match_counts - INFO - Argument --optimize: False
2024-11-20 11:45:01,298 - phyluce_assembly_get_match_counts - INFO - Argument --output: /home/jsprong/MUSEOMICS/BACKBONE/taxon-sets/all/all-taxa-incomplete.conf
2024-11-20 11:45:01,298 - phyluce_assembly_get_match_counts - INFO - Argument --random: False
2024-11-20 11:45:01,298 - phyluce_assembly_get_match_counts - INFO - Argument --sample_size: 10
2024-11-20 11:45:01,298 - phyluce_assembly_get_match_counts - INFO - Argument --samples: 10
2024-11-20 11:45:01,298 - phyluce_assembly_get_match_counts - INFO - Argument --silent: False
2024-11-20 11:45:01,298 - phyluce_assembly_get_match_counts - INFO - Argument --taxon_group: all
2024-11-20 11:45:01,298 - phyluce_assembly_get_match_counts - INFO - Argument --taxon_list_config: /home/jsprong/MUSEOMICS/BACKBONE/taxon-set.conf
2024-11-20 11:45:01,298 - phyluce_assembly_get_match_counts - INFO - Argument --verbosity: INFO
2024-11-20 11:45:01,314 - phyluce_assembly_get_match_counts - INFO - There are 199 taxa in the taxon-group '[all]' in the config file taxon-set.conf
2024-11-20 11:45:01,315 - phyluce_assembly_get_match_counts - INFO - Getting UCE names from database
2024-11-20 11:45:01,602 - phyluce_assembly_get_match_counts - INFO - There are 2956 total UCE loci in the database
2024-11-20 11:45:04,306 - phyluce_assembly_get_match_counts - INFO - Getting UCE matches by organism to generate a INCOMPLETE matrix
2024-11-20 11:45:04,314 - phyluce_assembly_get_match_counts - INFO - There are 2939 UCE loci in an INCOMPLETE matrix
2024-11-20 11:45:04,315 - phyluce_assembly_get_match_counts - INFO - Writing the taxa and loci in the data matrix to /home/jsprong/MUSEOMICS/BACKBONE/taxon-sets/all/all-taxa-incomplete.conf
2024-11-20 11:45:04,318 - phyluce_assembly_get_match_counts - INFO - ========== Completed phyluce_assembly_get_match_counts ==========
