2024-11-21 13:08:40,446 - phyluce_align_concatenate_alignments - INFO - ========= Starting phyluce_align_concatenate_alignments =========
2024-11-21 13:08:40,446 - phyluce_align_concatenate_alignments - INFO - Version: 1.7.1
2024-11-21 13:08:40,447 - phyluce_align_concatenate_alignments - INFO - Commit: None
2024-11-21 13:08:40,447 - phyluce_align_concatenate_alignments - INFO - Argument --alignments: /home/jsprong/MUSEOMICS/BACKBONE/taxon-sets/all/mafft-nexus-internal-trimmed-gblocks-clean-15p
2024-11-21 13:08:40,447 - phyluce_align_concatenate_alignments - INFO - Argument --input_format: nexus
2024-11-21 13:08:40,447 - phyluce_align_concatenate_alignments - INFO - Argument --log_path: /home/jsprong/MUSEOMICS/BACKBONE/taxon-sets/all/log
2024-11-21 13:08:40,447 - phyluce_align_concatenate_alignments - INFO - Argument --nexus: False
2024-11-21 13:08:40,447 - phyluce_align_concatenate_alignments - INFO - Argument --output: /home/jsprong/MUSEOMICS/BACKBONE/taxon-sets/all/mafft-phylip-internal-trimmed-gblocks-clean-15p-raxml
2024-11-21 13:08:40,447 - phyluce_align_concatenate_alignments - INFO - Argument --phylip: True
2024-11-21 13:08:40,447 - phyluce_align_concatenate_alignments - INFO - Argument --verbosity: INFO
2024-11-21 13:08:40,448 - phyluce_align_concatenate_alignments - INFO - Reading input alignments in NEXUS format
2024-11-21 13:08:40,448 - phyluce_align_concatenate_alignments - INFO - Getting alignment files
2024-11-21 13:08:49,482 - phyluce_align_concatenate_alignments - INFO - Concatenating files
2024-11-21 13:08:55,285 - phyluce_align_concatenate_alignments - INFO - Writing concatenated alignment to PHYLIP format (with charsets)
2024-11-21 13:08:55,375 - phyluce_align_concatenate_alignments - INFO - ========= Completed phyluce_align_concatenate_alignments ========
2024-11-21 13:09:07,692 - phyluce_align_concatenate_alignments - INFO - ========= Starting phyluce_align_concatenate_alignments =========
2024-11-21 13:09:07,693 - phyluce_align_concatenate_alignments - INFO - Version: 1.7.1
2024-11-21 13:09:07,693 - phyluce_align_concatenate_alignments - INFO - Commit: None
2024-11-21 13:09:07,693 - phyluce_align_concatenate_alignments - INFO - Argument --alignments: /home/jsprong/MUSEOMICS/BACKBONE/taxon-sets/all/mafft-nexus-internal-trimmed-gblocks-clean-20p
2024-11-21 13:09:07,693 - phyluce_align_concatenate_alignments - INFO - Argument --input_format: nexus
2024-11-21 13:09:07,693 - phyluce_align_concatenate_alignments - INFO - Argument --log_path: /home/jsprong/MUSEOMICS/BACKBONE/taxon-sets/all/log
2024-11-21 13:09:07,693 - phyluce_align_concatenate_alignments - INFO - Argument --nexus: False
2024-11-21 13:09:07,693 - phyluce_align_concatenate_alignments - INFO - Argument --output: /home/jsprong/MUSEOMICS/BACKBONE/taxon-sets/all/mafft-phylip-internal-trimmed-gblocks-clean-20p-raxml
2024-11-21 13:09:07,693 - phyluce_align_concatenate_alignments - INFO - Argument --phylip: True
2024-11-21 13:09:07,693 - phyluce_align_concatenate_alignments - INFO - Argument --verbosity: INFO
2024-11-21 13:09:07,693 - phyluce_align_concatenate_alignments - INFO - Reading input alignments in NEXUS format
2024-11-21 13:09:07,693 - phyluce_align_concatenate_alignments - INFO - Getting alignment files
2024-11-21 13:09:14,555 - phyluce_align_concatenate_alignments - INFO - Concatenating files
2024-11-21 13:09:16,853 - phyluce_align_concatenate_alignments - INFO - Writing concatenated alignment to PHYLIP format (with charsets)
2024-11-21 13:09:16,908 - phyluce_align_concatenate_alignments - INFO - ========= Completed phyluce_align_concatenate_alignments ========
2024-11-21 13:09:28,861 - phyluce_align_concatenate_alignments - INFO - ========= Starting phyluce_align_concatenate_alignments =========
2024-11-21 13:09:28,861 - phyluce_align_concatenate_alignments - INFO - Version: 1.7.1
2024-11-21 13:09:28,861 - phyluce_align_concatenate_alignments - INFO - Commit: None
2024-11-21 13:09:28,861 - phyluce_align_concatenate_alignments - INFO - Argument --alignments: /home/jsprong/MUSEOMICS/BACKBONE/taxon-sets/all/mafft-nexus-internal-trimmed-gblocks-clean-25p
2024-11-21 13:09:28,861 - phyluce_align_concatenate_alignments - INFO - Argument --input_format: nexus
2024-11-21 13:09:28,861 - phyluce_align_concatenate_alignments - INFO - Argument --log_path: /home/jsprong/MUSEOMICS/BACKBONE/taxon-sets/all/log
2024-11-21 13:09:28,861 - phyluce_align_concatenate_alignments - INFO - Argument --nexus: False
2024-11-21 13:09:28,861 - phyluce_align_concatenate_alignments - INFO - Argument --output: /home/jsprong/MUSEOMICS/BACKBONE/taxon-sets/all/mafft-phylip-internal-trimmed-gblocks-clean-25p-raxml
2024-11-21 13:09:28,861 - phyluce_align_concatenate_alignments - INFO - Argument --phylip: True
2024-11-21 13:09:28,861 - phyluce_align_concatenate_alignments - INFO - Argument --verbosity: INFO
2024-11-21 13:09:28,861 - phyluce_align_concatenate_alignments - INFO - Reading input alignments in NEXUS format
2024-11-21 13:09:28,861 - phyluce_align_concatenate_alignments - INFO - Getting alignment files
2024-11-21 13:09:33,440 - phyluce_align_concatenate_alignments - INFO - Concatenating files
2024-11-21 13:09:34,419 - phyluce_align_concatenate_alignments - INFO - Writing concatenated alignment to PHYLIP format (with charsets)
2024-11-21 13:09:34,455 - phyluce_align_concatenate_alignments - INFO - ========= Completed phyluce_align_concatenate_alignments ========
2024-11-21 13:09:46,684 - phyluce_align_concatenate_alignments - INFO - ========= Starting phyluce_align_concatenate_alignments =========
2024-11-21 13:09:46,684 - phyluce_align_concatenate_alignments - INFO - Version: 1.7.1
2024-11-21 13:09:46,684 - phyluce_align_concatenate_alignments - INFO - Commit: None
2024-11-21 13:09:46,684 - phyluce_align_concatenate_alignments - INFO - Argument --alignments: /home/jsprong/MUSEOMICS/BACKBONE/taxon-sets/all/mafft-nexus-internal-trimmed-gblocks-clean-30p
2024-11-21 13:09:46,684 - phyluce_align_concatenate_alignments - INFO - Argument --input_format: nexus
2024-11-21 13:09:46,684 - phyluce_align_concatenate_alignments - INFO - Argument --log_path: /home/jsprong/MUSEOMICS/BACKBONE/taxon-sets/all/log
2024-11-21 13:09:46,684 - phyluce_align_concatenate_alignments - INFO - Argument --nexus: False
2024-11-21 13:09:46,684 - phyluce_align_concatenate_alignments - INFO - Argument --output: /home/jsprong/MUSEOMICS/BACKBONE/taxon-sets/all/mafft-phylip-internal-trimmed-gblocks-clean-30p-raxml
2024-11-21 13:09:46,684 - phyluce_align_concatenate_alignments - INFO - Argument --phylip: True
2024-11-21 13:09:46,684 - phyluce_align_concatenate_alignments - INFO - Argument --verbosity: INFO
2024-11-21 13:09:46,684 - phyluce_align_concatenate_alignments - INFO - Reading input alignments in NEXUS format
2024-11-21 13:09:46,684 - phyluce_align_concatenate_alignments - INFO - Getting alignment files
2024-11-21 13:09:49,923 - phyluce_align_concatenate_alignments - INFO - Concatenating files
2024-11-21 13:09:50,438 - phyluce_align_concatenate_alignments - INFO - Writing concatenated alignment to PHYLIP format (with charsets)
2024-11-21 13:09:50,465 - phyluce_align_concatenate_alignments - INFO - ========= Completed phyluce_align_concatenate_alignments ========
2024-11-21 13:10:03,301 - phyluce_align_concatenate_alignments - INFO - ========= Starting phyluce_align_concatenate_alignments =========
2024-11-21 13:10:03,301 - phyluce_align_concatenate_alignments - INFO - Version: 1.7.1
2024-11-21 13:10:03,301 - phyluce_align_concatenate_alignments - INFO - Commit: None
2024-11-21 13:10:03,301 - phyluce_align_concatenate_alignments - INFO - Argument --alignments: /home/jsprong/MUSEOMICS/BACKBONE/taxon-sets/all/mafft-nexus-internal-trimmed-gblocks-clean-35p
2024-11-21 13:10:03,301 - phyluce_align_concatenate_alignments - INFO - Argument --input_format: nexus
2024-11-21 13:10:03,301 - phyluce_align_concatenate_alignments - INFO - Argument --log_path: /home/jsprong/MUSEOMICS/BACKBONE/taxon-sets/all/log
2024-11-21 13:10:03,301 - phyluce_align_concatenate_alignments - INFO - Argument --nexus: False
2024-11-21 13:10:03,301 - phyluce_align_concatenate_alignments - INFO - Argument --output: /home/jsprong/MUSEOMICS/BACKBONE/taxon-sets/all/mafft-phylip-internal-trimmed-gblocks-clean-35p-raxml
2024-11-21 13:10:03,301 - phyluce_align_concatenate_alignments - INFO - Argument --phylip: True
2024-11-21 13:10:03,301 - phyluce_align_concatenate_alignments - INFO - Argument --verbosity: INFO
2024-11-21 13:10:03,301 - phyluce_align_concatenate_alignments - INFO - Reading input alignments in NEXUS format
2024-11-21 13:10:03,302 - phyluce_align_concatenate_alignments - INFO - Getting alignment files
2024-11-21 13:10:05,313 - phyluce_align_concatenate_alignments - INFO - Concatenating files
2024-11-21 13:10:05,557 - phyluce_align_concatenate_alignments - INFO - Writing concatenated alignment to PHYLIP format (with charsets)
2024-11-21 13:10:05,584 - phyluce_align_concatenate_alignments - INFO - ========= Completed phyluce_align_concatenate_alignments ========
2024-11-21 13:10:39,000 - phyluce_align_concatenate_alignments - INFO - ========= Starting phyluce_align_concatenate_alignments =========
2024-11-21 13:10:39,000 - phyluce_align_concatenate_alignments - INFO - Version: 1.7.1
2024-11-21 13:10:39,000 - phyluce_align_concatenate_alignments - INFO - Commit: None
2024-11-21 13:10:39,000 - phyluce_align_concatenate_alignments - INFO - Argument --alignments: /home/jsprong/MUSEOMICS/BACKBONE/taxon-sets/all/mafft-nexus-internal-trimmed-gblocks-clean-35p
2024-11-21 13:10:39,000 - phyluce_align_concatenate_alignments - INFO - Argument --input_format: nexus
2024-11-21 13:10:39,000 - phyluce_align_concatenate_alignments - INFO - Argument --log_path: /home/jsprong/MUSEOMICS/BACKBONE/taxon-sets/all/log
2024-11-21 13:10:39,000 - phyluce_align_concatenate_alignments - INFO - Argument --nexus: True
2024-11-21 13:10:39,000 - phyluce_align_concatenate_alignments - INFO - Argument --output: /home/jsprong/MUSEOMICS/BACKBONE/taxon-sets/all/mafft-nexus-internal-trimmed-gblocks-clean-35p-raxml
2024-11-21 13:10:39,000 - phyluce_align_concatenate_alignments - INFO - Argument --phylip: False
2024-11-21 13:10:39,001 - phyluce_align_concatenate_alignments - INFO - Argument --verbosity: INFO
2024-11-21 13:10:39,001 - phyluce_align_concatenate_alignments - INFO - Reading input alignments in NEXUS format
2024-11-21 13:10:39,001 - phyluce_align_concatenate_alignments - INFO - Getting alignment files
2024-11-21 13:10:40,619 - phyluce_align_concatenate_alignments - INFO - Concatenating files
2024-11-21 13:10:40,848 - phyluce_align_concatenate_alignments - INFO - Writing concatenated alignment to NEXUS format (with charsets)
2024-11-21 13:10:41,524 - phyluce_align_concatenate_alignments - INFO - ========= Completed phyluce_align_concatenate_alignments ========
2024-11-21 13:10:50,279 - phyluce_align_concatenate_alignments - INFO - ========= Starting phyluce_align_concatenate_alignments =========
2024-11-21 13:10:50,279 - phyluce_align_concatenate_alignments - INFO - Version: 1.7.1
2024-11-21 13:10:50,279 - phyluce_align_concatenate_alignments - INFO - Commit: None
2024-11-21 13:10:50,279 - phyluce_align_concatenate_alignments - INFO - Argument --alignments: /home/jsprong/MUSEOMICS/BACKBONE/taxon-sets/all/mafft-nexus-internal-trimmed-gblocks-clean-30p
2024-11-21 13:10:50,280 - phyluce_align_concatenate_alignments - INFO - Argument --input_format: nexus
2024-11-21 13:10:50,280 - phyluce_align_concatenate_alignments - INFO - Argument --log_path: /home/jsprong/MUSEOMICS/BACKBONE/taxon-sets/all/log
2024-11-21 13:10:50,280 - phyluce_align_concatenate_alignments - INFO - Argument --nexus: True
2024-11-21 13:10:50,280 - phyluce_align_concatenate_alignments - INFO - Argument --output: /home/jsprong/MUSEOMICS/BACKBONE/taxon-sets/all/mafft-nexus-internal-trimmed-gblocks-clean-30p-raxml
2024-11-21 13:10:50,280 - phyluce_align_concatenate_alignments - INFO - Argument --phylip: False
2024-11-21 13:10:50,280 - phyluce_align_concatenate_alignments - INFO - Argument --verbosity: INFO
2024-11-21 13:10:50,280 - phyluce_align_concatenate_alignments - INFO - Reading input alignments in NEXUS format
2024-11-21 13:10:50,280 - phyluce_align_concatenate_alignments - INFO - Getting alignment files
2024-11-21 13:10:52,931 - phyluce_align_concatenate_alignments - INFO - Concatenating files
2024-11-21 13:10:53,414 - phyluce_align_concatenate_alignments - INFO - Writing concatenated alignment to NEXUS format (with charsets)
2024-11-21 13:10:55,244 - phyluce_align_concatenate_alignments - INFO - ========= Completed phyluce_align_concatenate_alignments ========
2024-11-21 13:11:04,290 - phyluce_align_concatenate_alignments - INFO - ========= Starting phyluce_align_concatenate_alignments =========
2024-11-21 13:11:04,291 - phyluce_align_concatenate_alignments - INFO - Version: 1.7.1
2024-11-21 13:11:04,291 - phyluce_align_concatenate_alignments - INFO - Commit: None
2024-11-21 13:11:04,291 - phyluce_align_concatenate_alignments - INFO - Argument --alignments: /home/jsprong/MUSEOMICS/BACKBONE/taxon-sets/all/mafft-nexus-internal-trimmed-gblocks-clean-25p
2024-11-21 13:11:04,291 - phyluce_align_concatenate_alignments - INFO - Argument --input_format: nexus
2024-11-21 13:11:04,291 - phyluce_align_concatenate_alignments - INFO - Argument --log_path: /home/jsprong/MUSEOMICS/BACKBONE/taxon-sets/all/log
2024-11-21 13:11:04,291 - phyluce_align_concatenate_alignments - INFO - Argument --nexus: True
2024-11-21 13:11:04,291 - phyluce_align_concatenate_alignments - INFO - Argument --output: /home/jsprong/MUSEOMICS/BACKBONE/taxon-sets/all/mafft-nexus-internal-trimmed-gblocks-clean-25p-raxml
2024-11-21 13:11:04,291 - phyluce_align_concatenate_alignments - INFO - Argument --phylip: False
2024-11-21 13:11:04,291 - phyluce_align_concatenate_alignments - INFO - Argument --verbosity: INFO
2024-11-21 13:11:04,291 - phyluce_align_concatenate_alignments - INFO - Reading input alignments in NEXUS format
2024-11-21 13:11:04,291 - phyluce_align_concatenate_alignments - INFO - Getting alignment files
2024-11-21 13:11:08,563 - phyluce_align_concatenate_alignments - INFO - Concatenating files
2024-11-21 13:11:09,514 - phyluce_align_concatenate_alignments - INFO - Writing concatenated alignment to NEXUS format (with charsets)
2024-11-21 13:11:12,875 - phyluce_align_concatenate_alignments - INFO - ========= Completed phyluce_align_concatenate_alignments ========
2024-11-21 13:11:23,436 - phyluce_align_concatenate_alignments - INFO - ========= Starting phyluce_align_concatenate_alignments =========
2024-11-21 13:11:23,436 - phyluce_align_concatenate_alignments - INFO - Version: 1.7.1
2024-11-21 13:11:23,436 - phyluce_align_concatenate_alignments - INFO - Commit: None
2024-11-21 13:11:23,436 - phyluce_align_concatenate_alignments - INFO - Argument --alignments: /home/jsprong/MUSEOMICS/BACKBONE/taxon-sets/all/mafft-nexus-internal-trimmed-gblocks-clean-20p
2024-11-21 13:11:23,436 - phyluce_align_concatenate_alignments - INFO - Argument --input_format: nexus
2024-11-21 13:11:23,436 - phyluce_align_concatenate_alignments - INFO - Argument --log_path: /home/jsprong/MUSEOMICS/BACKBONE/taxon-sets/all/log
2024-11-21 13:11:23,436 - phyluce_align_concatenate_alignments - INFO - Argument --nexus: True
2024-11-21 13:11:23,436 - phyluce_align_concatenate_alignments - INFO - Argument --output: /home/jsprong/MUSEOMICS/BACKBONE/taxon-sets/all/mafft-nexus-internal-trimmed-gblocks-clean-20p-raxml
2024-11-21 13:11:23,436 - phyluce_align_concatenate_alignments - INFO - Argument --phylip: False
2024-11-21 13:11:23,436 - phyluce_align_concatenate_alignments - INFO - Argument --verbosity: INFO
2024-11-21 13:11:23,436 - phyluce_align_concatenate_alignments - INFO - Reading input alignments in NEXUS format
2024-11-21 13:11:23,436 - phyluce_align_concatenate_alignments - INFO - Getting alignment files
2024-11-21 13:11:29,324 - phyluce_align_concatenate_alignments - INFO - Concatenating files
2024-11-21 13:11:31,659 - phyluce_align_concatenate_alignments - INFO - Writing concatenated alignment to NEXUS format (with charsets)
2024-11-21 13:11:37,210 - phyluce_align_concatenate_alignments - INFO - ========= Completed phyluce_align_concatenate_alignments ========
2024-11-21 13:11:54,859 - phyluce_align_concatenate_alignments - INFO - ========= Starting phyluce_align_concatenate_alignments =========
2024-11-21 13:11:54,859 - phyluce_align_concatenate_alignments - INFO - Version: 1.7.1
2024-11-21 13:11:54,860 - phyluce_align_concatenate_alignments - INFO - Commit: None
2024-11-21 13:11:54,860 - phyluce_align_concatenate_alignments - INFO - Argument --alignments: /home/jsprong/MUSEOMICS/BACKBONE/taxon-sets/all/mafft-nexus-internal-trimmed-gblocks-clean-15p
2024-11-21 13:11:54,860 - phyluce_align_concatenate_alignments - INFO - Argument --input_format: nexus
2024-11-21 13:11:54,860 - phyluce_align_concatenate_alignments - INFO - Argument --log_path: /home/jsprong/MUSEOMICS/BACKBONE/taxon-sets/all/log
2024-11-21 13:11:54,860 - phyluce_align_concatenate_alignments - INFO - Argument --nexus: True
2024-11-21 13:11:54,860 - phyluce_align_concatenate_alignments - INFO - Argument --output: /home/jsprong/MUSEOMICS/BACKBONE/taxon-sets/all/mafft-nexus-internal-trimmed-gblocks-clean-15p-raxml
2024-11-21 13:11:54,860 - phyluce_align_concatenate_alignments - INFO - Argument --phylip: False
2024-11-21 13:11:54,860 - phyluce_align_concatenate_alignments - INFO - Argument --verbosity: INFO
2024-11-21 13:11:54,860 - phyluce_align_concatenate_alignments - INFO - Reading input alignments in NEXUS format
2024-11-21 13:11:54,861 - phyluce_align_concatenate_alignments - INFO - Getting alignment files
2024-11-21 13:12:02,976 - phyluce_align_concatenate_alignments - INFO - Concatenating files
2024-11-21 13:12:08,352 - phyluce_align_concatenate_alignments - INFO - Writing concatenated alignment to NEXUS format (with charsets)
2024-11-21 13:12:16,841 - phyluce_align_concatenate_alignments - INFO - ========= Completed phyluce_align_concatenate_alignments ========
