2024-11-21 12:56:37,301 - phyluce_align_get_gblocks_trimmed_alignments_from_untrimmed - INFO -  Starting phyluce_align_get_gblocks_trimmed_alignments_from_untrimmed 
2024-11-21 12:56:37,301 - phyluce_align_get_gblocks_trimmed_alignments_from_untrimmed - INFO - Version: 1.7.1
2024-11-21 12:56:37,301 - phyluce_align_get_gblocks_trimmed_alignments_from_untrimmed - INFO - Commit: None
2024-11-21 12:56:37,301 - phyluce_align_get_gblocks_trimmed_alignments_from_untrimmed - INFO - Argument --alignments: /home/jsprong/MUSEOMICS/BACKBONE/taxon-sets/all/mafft-nexus-internal-trimmed
2024-11-21 12:56:37,301 - phyluce_align_get_gblocks_trimmed_alignments_from_untrimmed - INFO - Argument --b1: 0.5
2024-11-21 12:56:37,301 - phyluce_align_get_gblocks_trimmed_alignments_from_untrimmed - INFO - Argument --b2: 0.85
2024-11-21 12:56:37,301 - phyluce_align_get_gblocks_trimmed_alignments_from_untrimmed - INFO - Argument --b3: 8
2024-11-21 12:56:37,301 - phyluce_align_get_gblocks_trimmed_alignments_from_untrimmed - INFO - Argument --b4: 10
2024-11-21 12:56:37,301 - phyluce_align_get_gblocks_trimmed_alignments_from_untrimmed - INFO - Argument --cores: 4
2024-11-21 12:56:37,301 - phyluce_align_get_gblocks_trimmed_alignments_from_untrimmed - INFO - Argument --input_format: fasta
2024-11-21 12:56:37,301 - phyluce_align_get_gblocks_trimmed_alignments_from_untrimmed - INFO - Argument --log_path: /home/jsprong/MUSEOMICS/BACKBONE/taxon-sets/all/log
2024-11-21 12:56:37,301 - phyluce_align_get_gblocks_trimmed_alignments_from_untrimmed - INFO - Argument --output: /home/jsprong/MUSEOMICS/BACKBONE/taxon-sets/all/mafft-nexus-internal-trimmed-gblocks
2024-11-21 12:56:37,301 - phyluce_align_get_gblocks_trimmed_alignments_from_untrimmed - INFO - Argument --output_format: nexus
2024-11-21 12:56:37,301 - phyluce_align_get_gblocks_trimmed_alignments_from_untrimmed - INFO - Argument --verbosity: INFO
2024-11-21 12:56:37,301 - phyluce_align_get_gblocks_trimmed_alignments_from_untrimmed - INFO - Getting aligned sequences for trimming
2024-11-21 12:56:37,363 - phyluce_align_get_gblocks_trimmed_alignments_from_untrimmed - INFO - Alignment trimming begins.
2024-11-21 12:57:33,432 - phyluce_align_get_gblocks_trimmed_alignments_from_untrimmed - INFO - Alignment trimming ends
2024-11-21 12:57:33,433 - phyluce_align_get_gblocks_trimmed_alignments_from_untrimmed - INFO - Writing output files
2024-11-21 12:57:33,684 - phyluce_align_get_gblocks_trimmed_alignments_from_untrimmed - WARNING - Unable to write uce-87000204 - alignment too short
2024-11-21 12:57:35,942 - phyluce_align_get_gblocks_trimmed_alignments_from_untrimmed - WARNING - Unable to write uce-680002115 - alignment too short
2024-11-21 12:57:38,892 - phyluce_align_get_gblocks_trimmed_alignments_from_untrimmed - WARNING - Unable to write uce-580001435 - alignment too short
2024-11-21 12:57:41,398 - phyluce_align_get_gblocks_trimmed_alignments_from_untrimmed - INFO -  Completed phyluce_align_get_gblocks_trimmed_alignments_from_untrimmed 
