2024-11-20 17:07:30,195 - phyluce_align_get_align_summary_data - INFO - ========= Starting phyluce_align_get_align_summary_data =========
2024-11-20 17:07:30,196 - phyluce_align_get_align_summary_data - INFO - Version: 1.7.1
2024-11-20 17:07:30,197 - phyluce_align_get_align_summary_data - INFO - Commit: None
2024-11-20 17:07:30,197 - phyluce_align_get_align_summary_data - INFO - Argument --alignments: /home/jsprong/MUSEOMICS/BACKBONE/taxon-sets/all/mafft-nexus-edge-trimmed
2024-11-20 17:07:30,197 - phyluce_align_get_align_summary_data - INFO - Argument --cores: 4
2024-11-20 17:07:30,197 - phyluce_align_get_align_summary_data - INFO - Argument --input_format: nexus
2024-11-20 17:07:30,197 - phyluce_align_get_align_summary_data - INFO - Argument --log_path: /home/jsprong/MUSEOMICS/BACKBONE/taxon-sets/all/log
2024-11-20 17:07:30,197 - phyluce_align_get_align_summary_data - INFO - Argument --output: None
2024-11-20 17:07:30,197 - phyluce_align_get_align_summary_data - INFO - Argument --show_taxon_counts: False
2024-11-20 17:07:30,197 - phyluce_align_get_align_summary_data - INFO - Argument --verbosity: INFO
2024-11-20 17:07:30,197 - phyluce_align_get_align_summary_data - INFO - Getting alignment files
2024-11-20 17:07:30,228 - phyluce_align_get_align_summary_data - INFO - Computing summary statistics using 4 cores
2024-11-20 17:07:39,998 - phyluce_align_get_align_summary_data - INFO - ----------------------- Alignment summary -----------------------
2024-11-20 17:07:39,999 - phyluce_align_get_align_summary_data - INFO - [Alignments] loci:	1,987
2024-11-20 17:07:39,999 - phyluce_align_get_align_summary_data - INFO - [Alignments] length:	782,478
2024-11-20 17:07:40,000 - phyluce_align_get_align_summary_data - INFO - [Alignments] mean:	393.80
2024-11-20 17:07:40,000 - phyluce_align_get_align_summary_data - INFO - [Alignments] 95% CI:	19.84
2024-11-20 17:07:40,000 - phyluce_align_get_align_summary_data - INFO - [Alignments] min:	100
2024-11-20 17:07:40,000 - phyluce_align_get_align_summary_data - INFO - [Alignments] max:	7,092
2024-11-20 17:07:40,002 - phyluce_align_get_align_summary_data - INFO - ------------------- Informative Sites summary -------------------
2024-11-20 17:07:40,002 - phyluce_align_get_align_summary_data - INFO - [Sites] loci:	1,987
2024-11-20 17:07:40,002 - phyluce_align_get_align_summary_data - INFO - [Sites] total:	187,249
2024-11-20 17:07:40,002 - phyluce_align_get_align_summary_data - INFO - [Sites] mean:	94.24
2024-11-20 17:07:40,002 - phyluce_align_get_align_summary_data - INFO - [Sites] 95% CI:	3.18
2024-11-20 17:07:40,002 - phyluce_align_get_align_summary_data - INFO - [Sites] min:	0
2024-11-20 17:07:40,003 - phyluce_align_get_align_summary_data - INFO - [Sites] max:	1,037
2024-11-20 17:07:40,007 - phyluce_align_get_align_summary_data - INFO - ------------------------- Taxon summary -------------------------
2024-11-20 17:07:40,007 - phyluce_align_get_align_summary_data - INFO - [Taxa] mean:		28.51
2024-11-20 17:07:40,007 - phyluce_align_get_align_summary_data - INFO - [Taxa] 95% CI:	0.92
2024-11-20 17:07:40,007 - phyluce_align_get_align_summary_data - INFO - [Taxa] min:		3
2024-11-20 17:07:40,007 - phyluce_align_get_align_summary_data - INFO - [Taxa] max:		110
2024-11-20 17:07:40,009 - phyluce_align_get_align_summary_data - INFO - ----------------- Missing data from trim summary ----------------
2024-11-20 17:07:40,009 - phyluce_align_get_align_summary_data - INFO - [Missing] mean:	10.51
2024-11-20 17:07:40,009 - phyluce_align_get_align_summary_data - INFO - [Missing] 95% CI:	0.25
2024-11-20 17:07:40,009 - phyluce_align_get_align_summary_data - INFO - [Missing] min:	0.00
2024-11-20 17:07:40,009 - phyluce_align_get_align_summary_data - INFO - [Missing] max:	33.16
2024-11-20 17:07:40,026 - phyluce_align_get_align_summary_data - INFO - -------------------- Character count summary --------------------
2024-11-20 17:07:40,026 - phyluce_align_get_align_summary_data - INFO - [All characters]	18,756,181
2024-11-20 17:07:40,026 - phyluce_align_get_align_summary_data - INFO - [Nucleotides]		10,692,782
2024-11-20 17:07:40,027 - phyluce_align_get_align_summary_data - INFO - ---------------- Data matrix completeness summary ---------------
2024-11-20 17:07:40,027 - phyluce_align_get_align_summary_data - INFO - [Matrix 50%]		257 alignments
2024-11-20 17:07:40,027 - phyluce_align_get_align_summary_data - INFO - [Matrix 55%]		195 alignments
2024-11-20 17:07:40,027 - phyluce_align_get_align_summary_data - INFO - [Matrix 60%]		155 alignments
2024-11-20 17:07:40,027 - phyluce_align_get_align_summary_data - INFO - [Matrix 65%]		116 alignments
2024-11-20 17:07:40,027 - phyluce_align_get_align_summary_data - INFO - [Matrix 70%]		85 alignments
2024-11-20 17:07:40,027 - phyluce_align_get_align_summary_data - INFO - [Matrix 75%]		53 alignments
2024-11-20 17:07:40,027 - phyluce_align_get_align_summary_data - INFO - [Matrix 80%]		40 alignments
2024-11-20 17:07:40,027 - phyluce_align_get_align_summary_data - INFO - [Matrix 85%]		24 alignments
2024-11-20 17:07:40,027 - phyluce_align_get_align_summary_data - INFO - [Matrix 90%]		13 alignments
2024-11-20 17:07:40,027 - phyluce_align_get_align_summary_data - INFO - [Matrix 95%]		3 alignments
2024-11-20 17:07:40,027 - phyluce_align_get_align_summary_data - INFO - ------------------------ Character counts -----------------------
2024-11-20 17:07:40,027 - phyluce_align_get_align_summary_data - INFO - [Characters] '-' is present 6,237,279 times
2024-11-20 17:07:40,027 - phyluce_align_get_align_summary_data - INFO - [Characters] '?' is present 1,826,120 times
2024-11-20 17:07:40,027 - phyluce_align_get_align_summary_data - INFO - [Characters] 'A' is present 3,009,451 times
2024-11-20 17:07:40,027 - phyluce_align_get_align_summary_data - INFO - [Characters] 'C' is present 2,359,879 times
2024-11-20 17:07:40,027 - phyluce_align_get_align_summary_data - INFO - [Characters] 'G' is present 2,321,638 times
2024-11-20 17:07:40,027 - phyluce_align_get_align_summary_data - INFO - [Characters] 'T' is present 3,001,814 times
2024-11-20 17:07:40,027 - phyluce_align_get_align_summary_data - INFO - ========= Completed phyluce_align_get_align_summary_data ========
2024-11-21 12:59:27,698 - phyluce_align_get_align_summary_data - INFO - ========= Starting phyluce_align_get_align_summary_data =========
2024-11-21 12:59:27,698 - phyluce_align_get_align_summary_data - INFO - Version: 1.7.1
2024-11-21 12:59:27,698 - phyluce_align_get_align_summary_data - INFO - Commit: None
2024-11-21 12:59:27,698 - phyluce_align_get_align_summary_data - INFO - Argument --alignments: /home/jsprong/MUSEOMICS/BACKBONE/taxon-sets/all/mafft-nexus-internal-trimmed-gblocks
2024-11-21 12:59:27,698 - phyluce_align_get_align_summary_data - INFO - Argument --cores: 4
2024-11-21 12:59:27,698 - phyluce_align_get_align_summary_data - INFO - Argument --input_format: nexus
2024-11-21 12:59:27,699 - phyluce_align_get_align_summary_data - INFO - Argument --log_path: /home/jsprong/MUSEOMICS/BACKBONE/taxon-sets/all/log
2024-11-21 12:59:27,699 - phyluce_align_get_align_summary_data - INFO - Argument --output: None
2024-11-21 12:59:27,699 - phyluce_align_get_align_summary_data - INFO - Argument --show_taxon_counts: False
2024-11-21 12:59:27,699 - phyluce_align_get_align_summary_data - INFO - Argument --verbosity: INFO
2024-11-21 12:59:27,699 - phyluce_align_get_align_summary_data - INFO - Getting alignment files
2024-11-21 12:59:27,754 - phyluce_align_get_align_summary_data - INFO - Computing summary statistics using 4 cores
2024-11-21 12:59:36,752 - phyluce_align_get_align_summary_data - INFO - ----------------------- Alignment summary -----------------------
2024-11-21 12:59:36,753 - phyluce_align_get_align_summary_data - INFO - [Alignments] loci:	2,882
2024-11-21 12:59:36,753 - phyluce_align_get_align_summary_data - INFO - [Alignments] length:	595,075
2024-11-21 12:59:36,753 - phyluce_align_get_align_summary_data - INFO - [Alignments] mean:	206.48
2024-11-21 12:59:36,754 - phyluce_align_get_align_summary_data - INFO - [Alignments] 95% CI:	6.66
2024-11-21 12:59:36,754 - phyluce_align_get_align_summary_data - INFO - [Alignments] min:	16
2024-11-21 12:59:36,754 - phyluce_align_get_align_summary_data - INFO - [Alignments] max:	4,016
2024-11-21 12:59:36,756 - phyluce_align_get_align_summary_data - INFO - ------------------- Informative Sites summary -------------------
2024-11-21 12:59:36,756 - phyluce_align_get_align_summary_data - INFO - [Sites] loci:	2,882
2024-11-21 12:59:36,756 - phyluce_align_get_align_summary_data - INFO - [Sites] total:	232,572
2024-11-21 12:59:36,757 - phyluce_align_get_align_summary_data - INFO - [Sites] mean:	80.70
2024-11-21 12:59:36,757 - phyluce_align_get_align_summary_data - INFO - [Sites] 95% CI:	1.62
2024-11-21 12:59:36,757 - phyluce_align_get_align_summary_data - INFO - [Sites] min:	0
2024-11-21 12:59:36,757 - phyluce_align_get_align_summary_data - INFO - [Sites] max:	577
2024-11-21 12:59:36,762 - phyluce_align_get_align_summary_data - INFO - ------------------------- Taxon summary -------------------------
2024-11-21 12:59:36,762 - phyluce_align_get_align_summary_data - INFO - [Taxa] mean:		30.68
2024-11-21 12:59:36,762 - phyluce_align_get_align_summary_data - INFO - [Taxa] 95% CI:	0.77
2024-11-21 12:59:36,762 - phyluce_align_get_align_summary_data - INFO - [Taxa] min:		3
2024-11-21 12:59:36,762 - phyluce_align_get_align_summary_data - INFO - [Taxa] max:		126
2024-11-21 12:59:36,764 - phyluce_align_get_align_summary_data - INFO - ----------------- Missing data from trim summary ----------------
2024-11-21 12:59:36,764 - phyluce_align_get_align_summary_data - INFO - [Missing] mean:	0.00
2024-11-21 12:59:36,764 - phyluce_align_get_align_summary_data - INFO - [Missing] 95% CI:	0.00
2024-11-21 12:59:36,764 - phyluce_align_get_align_summary_data - INFO - [Missing] min:	0.00
2024-11-21 12:59:36,764 - phyluce_align_get_align_summary_data - INFO - [Missing] max:	0.00
2024-11-21 12:59:36,786 - phyluce_align_get_align_summary_data - INFO - -------------------- Character count summary --------------------
2024-11-21 12:59:36,786 - phyluce_align_get_align_summary_data - INFO - [All characters]	15,472,349
2024-11-21 12:59:36,786 - phyluce_align_get_align_summary_data - INFO - [Nucleotides]		14,740,717
2024-11-21 12:59:36,786 - phyluce_align_get_align_summary_data - INFO - ---------------- Data matrix completeness summary ---------------
2024-11-21 12:59:36,786 - phyluce_align_get_align_summary_data - INFO - [Matrix 50%]		290 alignments
2024-11-21 12:59:36,786 - phyluce_align_get_align_summary_data - INFO - [Matrix 55%]		201 alignments
2024-11-21 12:59:36,786 - phyluce_align_get_align_summary_data - INFO - [Matrix 60%]		133 alignments
2024-11-21 12:59:36,786 - phyluce_align_get_align_summary_data - INFO - [Matrix 65%]		83 alignments
2024-11-21 12:59:36,786 - phyluce_align_get_align_summary_data - INFO - [Matrix 70%]		52 alignments
2024-11-21 12:59:36,786 - phyluce_align_get_align_summary_data - INFO - [Matrix 75%]		28 alignments
2024-11-21 12:59:36,786 - phyluce_align_get_align_summary_data - INFO - [Matrix 80%]		12 alignments
2024-11-21 12:59:36,786 - phyluce_align_get_align_summary_data - INFO - [Matrix 85%]		2 alignments
2024-11-21 12:59:36,786 - phyluce_align_get_align_summary_data - INFO - [Matrix 90%]		1 alignments
2024-11-21 12:59:36,786 - phyluce_align_get_align_summary_data - INFO - [Matrix 95%]		1 alignments
2024-11-21 12:59:36,787 - phyluce_align_get_align_summary_data - INFO - ------------------------ Character counts -----------------------
2024-11-21 12:59:36,787 - phyluce_align_get_align_summary_data - INFO - [Characters] '-' is present 731,632 times
2024-11-21 12:59:36,787 - phyluce_align_get_align_summary_data - INFO - [Characters] 'A' is present 4,052,653 times
2024-11-21 12:59:36,787 - phyluce_align_get_align_summary_data - INFO - [Characters] 'C' is present 3,333,422 times
2024-11-21 12:59:36,787 - phyluce_align_get_align_summary_data - INFO - [Characters] 'G' is present 3,271,556 times
2024-11-21 12:59:36,787 - phyluce_align_get_align_summary_data - INFO - [Characters] 'T' is present 4,083,086 times
2024-11-21 12:59:36,787 - phyluce_align_get_align_summary_data - INFO - ========= Completed phyluce_align_get_align_summary_data ========
